R1 =  8000
R2 =  62840
C =    1.000000000000000e-04
values_chosen_TAB
R1 = 8.000000e+03 
R2 = 6.284000e+04 
C = 1.000000e-04 
values_chosen_END

average =  20.78760497446831
ripple_env =    2.469090722095615e-01
average_env =  20.78563637298613
envelope_TAB
RippleEnvelope = 2.469091e-01 
AverageEnvelope = 2.078564e+01 
envelope_END

num_diodes =  20
rd =  94.37836360697779
average_reg =  12.00005740780761
ripple_reg =    7.200293530846835e-03
regulator_TAB
RippleRegulator = 7.200294e-03 
AverageRegulator= 1.200006e+01 
regulator_END

cost =  173.2400000000000
MERIT =    7.942454818824701e-01
merit_TAB
Cost = 1.732400e+02 
Merit= 7.942455e-01 
merit_END

