

-----------Parte 1-----------

initial_data_TAB
R1 = 1.041113e+03 
R2 = 2.099452e+03 
R3 = 3.131091e+03 
R4 = 4.119470e+03 
R5 = 3.115588e+03 
R6 = 2.047994e+03 
R7 = 1.027544e+03 
Vs = 5.068716e+00 
C = 1.041275e-06 
Kb = 7.287471e-03 
Kd = 8.115684e+03 
initial_data_END
Vx =    8.553593377970101e+00
nos_part1_TAB
V1 = 5.068716e+00 
V2 = 4.843672e+00 
V3 = 4.369060e+00 
V4 = 0.000000e+00 
V5 = 4.874693e+00 
V6 = 5.579017e+00 
V7 = -1.980764e+00 
V8 = -2.974577e+00 
nos_part1_END


-----------Parte 2-----------

voltages_p2_TAB
V1 = 0.000000e+00 
V2 = 0.000000e+00 
V3 = 9.496396e-16 
V4 = 0.000000e+00 
V5 = 5.935248e-17 
V6 = 8.553593e+00 
V7 = -2.967624e-17 
V8 = 0.000000e+00 
voltages_p2_END

norten_current_p2_TAB
Ix = -2.745419e-03 
norton_current_p2_END

Req_tau_p2_TAB
Req = 3.115588e+03 
tau = 3.244185e-03 
Req_tau_p2_END


-----------Parte 3-----------



-----------Parte 4-----------

voltages_p4_TAB
V1 = 1.000000e+00 
V2 = 9.556014e-01 
V3 = 8.619659e-01 
V4 = 2.801649e-17 
V5 = 9.617215e-01 
V6 = 5.886212e-01 
V7 = 3.907822e-01 
V8 = 5.868501e-01 
voltages_p4_END


-----------Parte 5-----------

voltages_p5_amplitude_TAB
Vm(1) = 1.000000e+00 
Vm(2) = 9.556014e-01 
Vm(3) = 8.619659e-01 
Vm(4) = 2.801649e-17 
Vm(5) = 9.617215e-01 
Vm(6) = 5.886212e-01 
Vm(7) = 3.907822e-01 
Vm(8) = 5.868501e-01 
voltages_p5_amplitude_END

voltages_p5_phase_TAB
Vph(1) = 0.000000e+00 
Vph(2) = -5.722643e-16 
Vph(3) = -1.142921e-15 
Vph(4) = 3.141593e+00 
Vph(5) = -5.388346e-16 
Vph(6) = -3.000819e+00 
Vph(7) = 3.141593e+00 
Vph(8) = 3.141593e+00 
voltages_p5_phase_END


-----------Parte 6-----------

